
[D:\MY\APP\FEAP]feap  0<disk.dat 
FEAP * * Quadrant of a circular disk  (Example problem)

     Number of nodal points        = 19
     Number of elements            = 11
     Number of material sets       = 1
     Dimension of coordinate space = 2
     Degree of freedom/node        = 2
     Nodes per element (maximum)   = 4
     Extra D.O.F. to element       = 0

FEAP * * Quadrant of a circular disk  (Example problem)

     NODAL COORDINATES

      NODE      1 COORD      2 COORD
         1       0.0000       0.0000
         2       1.2500       0.0000
         3       2.5000       0.0000
         4       3.7500       0.0000
         5       5.0000       0.0000
         6       0.0000       2.0000
         7       1.1457       2.0000
         8       2.2914       2.0000
         9       3.4371       2.0000
        10       4.5828       2.0000
        11       0.0000       4.0000
        12       1.0000       4.0000
        13       2.0000       4.0000
        14       3.0000       4.0000
        15       4.0000       3.0000
        16       0.0000       5.0000
        17       0.7500       4.9434
        18       1.5000       4.7697
        19       2.2500       4.4651

FEAP * * Quadrant of a circular disk  (Example problem)

     Elements

   Element  Material  1 Node  2 Node  3 Node  4 Node
         1         0       1       2       7       6
         2         1       1       1       2       7
         3         6       6       1       1       2
         4         7       7       6       1       1
         5         7       2       7       6       1
         6         6       6       7      12      11
         7         0       0       6       7      12
         8        11      11       0       6       7
         9        12      12      11       0       6
        10        12       7      12      11       0
        11        11      11      12      17      16

FEAP * * Quadrant of a circular disk  (Example problem)

     NODAL B.C.

      NODE 1  B.C.      2  B.C.     
1 1 1
6 -1 -1
16 1 1

FEAP * * Quadrant of a circular disk  (Example problem)

     NODAL FORCE/DISPL

      NODE      1 FORCE      2 FORCE
1 Has not been input or generated
2 Has not been input or generated
3 Has not been input or generated
4 Has not been input or generated
5 Has not been input or generated
6 Has not been input or generated
7 Has not been input or generated
8 Has not been input or generated
9 Has not been input or generated
10 Has not been input or generated
11 Has not been input or generated
12 Has not been input or generated
13 Has not been input or generated
14 Has not been input or generated
15 Has not been input or generated
        16       0.0000      -5.0000
17 Has not been input or generated
18 Has not been input or generated
19 Has not been input or generated

FEAP * * Quadrant of a circular disk  (Example problem)

     Material Properties

     Material set 1 for element type 1 - 


     Plane Stress Linear Elastic Element

          Modulus          100.00000
          Poisson Ratio  0.30000
          Density            0.00000
          Gauss pts/dir   2
          Stress pts      1

     Material set 0 for element type 0 - 

    **FATAL ERROR 04** Element class number 0  input
